<?xml version="1.0" encoding="UTF-8"?>
<testsuite name="ru.stqa.pft.sandbox.PrimeTests" tests="2" skipped="0" failures="0" errors="0" timestamp="2018-02-04T11:47:14" hostname="DESKTOP-E9AJH0S" time="0.016">
  <properties/>
  <testcase name="testNonPrimes" classname="ru.stqa.pft.sandbox.PrimeTests" time="0.016"/>
  <testcase name="testPrimes" classname="ru.stqa.pft.sandbox.PrimeTests" time="0.0"/>
  <system-out><![CDATA[]]></system-out>
  <system-err><![CDATA[]]></system-err>
</testsuite>
