<?xml version="1.0" encoding="UTF-8"?>
<testsuite name="ru.stqa.pft.sandbox.PointTest" tests="1" skipped="0" failures="0" errors="0" timestamp="2018-02-04T11:47:14" hostname="DESKTOP-E9AJH0S" time="0.0">
  <properties/>
  <testcase name="testDistance" classname="ru.stqa.pft.sandbox.PointTest" time="0.0"/>
  <system-out><![CDATA[]]></system-out>
  <system-err><![CDATA[]]></system-err>
</testsuite>
