<?xml version="1.0" encoding="UTF-8"?>
<testsuite name="ru.stqa.pft.sandbox.EquationTests" tests="6" skipped="0" failures="0" errors="0" timestamp="2018-02-04T11:47:14" hostname="DESKTOP-E9AJH0S" time="0.0">
  <properties/>
  <testcase name="test" classname="ru.stqa.pft.sandbox.EquationTests" time="0.0"/>
  <testcase name="test1" classname="ru.stqa.pft.sandbox.EquationTests" time="0.0"/>
  <testcase name="test2" classname="ru.stqa.pft.sandbox.EquationTests" time="0.0"/>
  <testcase name="testConstant" classname="ru.stqa.pft.sandbox.EquationTests" time="0.0"/>
  <testcase name="testLiner" classname="ru.stqa.pft.sandbox.EquationTests" time="0.0"/>
  <testcase name="testZero" classname="ru.stqa.pft.sandbox.EquationTests" time="0.0"/>
  <system-out><![CDATA[]]></system-out>
  <system-err><![CDATA[]]></system-err>
</testsuite>
